Tokenizer:  models/tokenizers/paat_a20_l0/paat
FLORES dir: data/raw/ntrex
Languages:  78
Split:      devtest

Vocab size: 32,000

  [  af] tok/sent= 46.54  tok/byte=0.3418  unk=0.0000  sentences=1997
  [  am] tok/sent= 71.08  tok/byte=0.3331  unk=0.0147  sentences=1997
  [  ar] tok/sent= 55.85  tok/byte=0.2656  unk=0.0001  sentences=1997
  [  az] tok/sent= 52.11  tok/byte=0.3321  unk=0.0000  sentences=1997
  [  be] tok/sent= 56.92  tok/byte=0.2442  unk=0.0001  sentences=1997
  [  bg] tok/sent= 55.21  tok/byte=0.2255  unk=0.0000  sentences=1997
  [  bn] tok/sent= 65.49  tok/byte=0.2005  unk=0.0000  sentences=1997
  [  ca] tok/sent= 48.20  tok/byte=0.3324  unk=0.0000  sentences=1997
  [  cs] tok/sent= 48.55  tok/byte=0.3591  unk=0.0000  sentences=1997
  [  cy] tok/sent= 55.51  tok/byte=0.4042  unk=0.0001  sentences=1997
  [  da] tok/sent= 43.82  tok/byte=0.3397  unk=0.0000  sentences=1997
  [  de] tok/sent= 49.55  tok/byte=0.3272  unk=0.0000  sentences=1997
  [  el] tok/sent= 66.36  tok/byte=0.2449  unk=0.0000  sentences=1997
  [  en] tok/sent= 39.36  tok/byte=0.3173  unk=0.0000  sentences=1997
  [  es] tok/sent= 46.91  tok/byte=0.3172  unk=0.0000  sentences=1997
  [  et] tok/sent= 45.78  tok/byte=0.3575  unk=0.0000  sentences=1997
  [  eu] tok/sent= 47.46  tok/byte=0.3428  unk=0.0000  sentences=1997
  [  fa] tok/sent= 53.59  tok/byte=0.2479  unk=0.0171  sentences=1997
  [  fi] tok/sent= 48.95  tok/byte=0.3463  unk=0.0000  sentences=1997
  [ fil] tok/sent= 47.64  tok/byte=0.3238  unk=0.0000  sentences=1997
  [  fr] tok/sent= 51.54  tok/byte=0.3313  unk=0.0000  sentences=1997
  [  ga] tok/sent= 56.94  tok/byte=0.3621  unk=0.0000  sentences=1997
  [  gl] tok/sent= 45.48  tok/byte=0.3266  unk=0.0000  sentences=1997
  [  gu] tok/sent= 67.33  tok/byte=0.2088  unk=0.0001  sentences=1997
  [  ha] tok/sent= 49.27  tok/byte=0.3587  unk=0.0004  sentences=1997
  [  hi] tok/sent= 66.57  tok/byte=0.1982  unk=0.0000  sentences=1997
  [  hu] tok/sent= 54.59  tok/byte=0.3558  unk=0.0000  sentences=1997
  [  hy] tok/sent= 62.26  tok/byte=0.2567  unk=0.0008  sentences=1997
  [  id] tok/sent= 42.53  tok/byte=0.2952  unk=0.0000  sentences=1997
  [  ig] tok/sent= 57.65  tok/byte=0.3907  unk=0.0003  sentences=1997
  [  is] tok/sent= 49.63  tok/byte=0.3401  unk=0.0000  sentences=1997
  [  it] tok/sent= 47.67  tok/byte=0.3241  unk=0.0000  sentences=1997
  [  iw] tok/sent= 51.42  tok/byte=0.2853  unk=0.0002  sentences=1997
  [  ja] tok/sent= 53.66  tok/byte=0.3306  unk=0.0177  sentences=1997
  [  ka] tok/sent= 69.71  tok/byte=0.1950  unk=0.0000  sentences=1997
  [  kk] tok/sent= 56.58  tok/byte=0.2354  unk=0.0000  sentences=1997
  [  km] tok/sent= 69.43  tok/byte=0.1730  unk=0.0010  sentences=1997
  [  kn] tok/sent= 68.53  tok/byte=0.1895  unk=0.0090  sentences=1997
  [  ko] tok/sent= 54.90  tok/byte=0.3461  unk=0.0153  sentences=1997
  [  ku] tok/sent= 51.65  tok/byte=0.3804  unk=0.0000  sentences=1997
  [  ky] tok/sent= 54.35  tok/byte=0.2355  unk=0.0000  sentences=1997
  [  lb] tok/sent= 54.36  tok/byte=0.3720  unk=0.0000  sentences=1997
  [  lo] tok/sent= 88.68  tok/byte=0.2455  unk=0.1130  sentences=1997
  [  lt] tok/sent= 50.15  tok/byte=0.3567  unk=0.0005  sentences=1997
  [  mi] tok/sent= 56.95  tok/byte=0.3932  unk=0.0001  sentences=1997
  [  mk] tok/sent= 52.72  tok/byte=0.2159  unk=0.0000  sentences=1997
  [  ml] tok/sent= 74.67  tok/byte=0.1774  unk=0.0046  sentences=1997
  [  mn] tok/sent= 59.32  tok/byte=0.2492  unk=0.0000  sentences=1997
  [  mr] tok/sent= 72.63  tok/byte=0.2078  unk=0.0001  sentences=1997
  [  mt] tok/sent= 59.81  tok/byte=0.4055  unk=0.0000  sentences=1997
  [  my] tok/sent= 92.84  tok/byte=0.2136  unk=0.0016  sentences=1997
  [  nl] tok/sent= 47.63  tok/byte=0.3245  unk=0.0002  sentences=1997
  [  no] tok/sent= 42.58  tok/byte=0.3296  unk=0.0000  sentences=1997
  [  ny] tok/sent= 52.65  tok/byte=0.3687  unk=0.0000  sentences=1997
  [  pl] tok/sent= 54.91  tok/byte=0.3674  unk=0.0000  sentences=1997
  [  ps] tok/sent= 60.10  tok/byte=0.2795  unk=0.0113  sentences=1997
  [  pt] tok/sent= 44.41  tok/byte=0.3252  unk=0.0000  sentences=1997
  [  ro] tok/sent= 52.80  tok/byte=0.3401  unk=0.0000  sentences=1997
  [  ru] tok/sent= 57.55  tok/byte=0.2292  unk=0.0001  sentences=1997
  [  si] tok/sent= 74.30  tok/byte=0.2163  unk=0.0006  sentences=1997
  [  sk] tok/sent= 49.31  tok/byte=0.3581  unk=0.0000  sentences=1997
  [  sl] tok/sent= 47.47  tok/byte=0.3647  unk=0.0000  sentences=1997
  [  sm] tok/sent= 57.26  tok/byte=0.4062  unk=0.0000  sentences=1997
  [  so] tok/sent= 51.81  tok/byte=0.3536  unk=0.0000  sentences=1997
  [  sq] tok/sent= 51.56  tok/byte=0.3364  unk=0.0000  sentences=1997
  [  sr] tok/sent= 62.34  tok/byte=0.2831  unk=0.0000  sentences=1997
  [  sv] tok/sent= 42.79  tok/byte=0.3249  unk=0.0001  sentences=1997
  [  ta] tok/sent= 73.38  tok/byte=0.1728  unk=0.0002  sentences=1997
  [  te] tok/sent= 65.56  tok/byte=0.1964  unk=0.0104  sentences=1997
  [  th] tok/sent= 65.56  tok/byte=0.2000  unk=0.0000  sentences=1997
  [  tr] tok/sent= 48.38  tok/byte=0.3335  unk=0.0000  sentences=1997
  [  uk] tok/sent= 56.87  tok/byte=0.2377  unk=0.0000  sentences=1997
  [  ur] tok/sent= 52.83  tok/byte=0.2391  unk=0.0000  sentences=1997
  [  vi] tok/sent= 53.88  tok/byte=0.3024  unk=0.0001  sentences=1997
  [  xh] tok/sent= 53.27  tok/byte=0.3952  unk=0.0000  sentences=1997
  [  yo] tok/sent= 81.49  tok/byte=0.4025  unk=0.0017  sentences=1997
  [  zh] tok/sent= 42.19  tok/byte=0.3546  unk=0.0201  sentences=1997
  [  zu] tok/sent= 50.63  tok/byte=0.3914  unk=0.0000  sentences=1997

 lang   tok/sent   tok/byte  fertility*   unk_rate
--------------------------------------------------------
    en      39.36     0.3173       1.870    0.00000
    zh      42.19     0.3546      24.757    0.02010
    id      42.53     0.2952       2.115    0.00000
    no      42.58     0.3296       2.067    0.00000
    sv      42.79     0.3249       2.127    0.00006
    da      43.82     0.3397       2.145    0.00000
    pt      44.41     0.3252       2.012    0.00000
    gl      45.48     0.3266       2.020    0.00000
    et      45.78     0.3575       2.798    0.00000
    af      46.54     0.3418       2.074    0.00000
    es      46.91     0.3172       1.927    0.00000
    eu      47.46     0.3428       2.673    0.00000
    sl      47.47     0.3647       2.384    0.00000
    nl      47.63     0.3245       2.032    0.00016
   fil      47.64     0.3238       2.002    0.00000
    it      47.67     0.3241       2.071    0.00000
    ca      48.20     0.3324       2.005    0.00000
    tr      48.38     0.3335       2.815    0.00000
    cs      48.55     0.3591       2.587    0.00000
    fi      48.95     0.3463       3.181    0.00000
    ha      49.27     0.3587       1.965    0.00037
    sk      49.31     0.3581       2.590    0.00000
    de      49.55     0.3272       2.316    0.00000
    is      49.63     0.3401       2.365    0.00000
    lt      50.15     0.3567       2.867    0.00050
    zu      50.63     0.3914       3.462    0.00000
    iw      51.42     0.2853       2.941    0.00016
    fr      51.54     0.3313       2.110    0.00000
    sq      51.56     0.3364       2.124    0.00000
    ku      51.65     0.3804       2.417    0.00000
    so      51.81     0.3536       2.335    0.00000
    az      52.11     0.3321       2.894    0.00000
    ny      52.65     0.3687       2.722    0.00002
    mk      52.72     0.2159       2.454    0.00000
    ro      52.80     0.3401       2.199    0.00000
    ur      52.83     0.2391       1.961    0.00001
    xh      53.27     0.3952       3.481    0.00000
    fa      53.59     0.2479       2.232    0.01711
    ja      53.66     0.3306      38.216    0.01773
    vi      53.88     0.3024       1.809    0.00014
    ky      54.35     0.2355       3.242    0.00001
    lb      54.36     0.3720       2.491    0.00000
    hu      54.59     0.3558       2.864    0.00000
    ko      54.90     0.3461       3.571    0.01530
    pl      54.91     0.3674       2.805    0.00003
    bg      55.21     0.2255       2.578    0.00000
    cy      55.51     0.4042       2.362    0.00006
    ar      55.85     0.2656       2.883    0.00007
    kk      56.58     0.2354       3.324    0.00000
    uk      56.87     0.2377       2.986    0.00000
    be      56.92     0.2442       3.034    0.00009
    ga      56.94     0.3621       2.238    0.00001
    mi      56.95     0.3932       1.987    0.00005
    sm      57.26     0.4062       1.952    0.00003
    ru      57.55     0.2292       2.943    0.00009
    ig      57.65     0.3907       2.518    0.00033
    mn      59.32     0.2492       3.217    0.00000
    mt      59.81     0.4055       3.118    0.00000
    ps      60.10     0.2795       2.223    0.01135
    hy      62.26     0.2567       3.422    0.00083
    sr      62.34     0.2831       3.048    0.00000
    bn      65.49     0.2005       3.496    0.00004
    th      65.56     0.2000      12.163    0.00000
    te      65.56     0.1964       4.117    0.01044
    el      66.36     0.2449       2.868    0.00005
    hi      66.57     0.1982       2.559    0.00000
    gu      67.33     0.2088       3.305    0.00012
    kn      68.53     0.1895       4.287    0.00901
    km      69.43     0.1730      10.111    0.00101
    ka      69.71     0.1950       4.208    0.00001
    am      71.08     0.3331       4.387    0.01467
    mr      72.63     0.2078       3.887    0.00008
    ta      73.38     0.1728       4.421    0.00015
    si      74.30     0.2163       3.658    0.00056
    ml      74.67     0.1774       4.862    0.00463
    yo      81.49     0.4025       3.156    0.00173
    lo      88.68     0.2455      13.368    0.11303
    my      92.84     0.2136       7.934    0.00162
--------------------------------------------------------
   ALL      56.18                  3.907           

  Primary metrics (parallel-sentence, robust to script/whitespace):
    Tokens/sentence mean: 56.18   std: 10.45
    Tokens/sentence max:  92.84   min: 39.36   ratio: 2.36x
    Gini (tokens/sentence): 0.0990   (0 = perfect equality; headline fairness metric)
    Gini (tokens/byte):     0.1257

  Legacy fertility (*unreliable for CJK/Thai — whitespace-split):
    mean: 3.907   std: 5.008   ratio: 21.12x

Report saved to results/parity_ntrex/paat_a20_l0.json
