Tokenizer:  models/tokenizers/parity_bpe
FLORES dir: data/raw/bible
Languages:  51
Split:      devtest

Vocab size: 32,000

  [  ar] tok/sent= 93.43  tok/byte=0.4244  unk=0.0000  sentences=2179
  [  az] tok/sent= 45.11  tok/byte=0.3760  unk=0.0000  sentences=2179
  [  be] tok/sent= 42.19  tok/byte=0.2553  unk=0.0000  sentences=2179
  [  bn] tok/sent= 51.33  tok/byte=0.1802  unk=0.0000  sentences=2179
  [ ceb] tok/sent= 50.72  tok/byte=0.3654  unk=0.0000  sentences=2179
  [  cs] tok/sent= 43.58  tok/byte=0.4098  unk=0.0000  sentences=2179
  [  da] tok/sent= 39.13  tok/byte=0.3540  unk=0.0000  sentences=2179
  [  de] tok/sent= 42.23  tok/byte=0.3593  unk=0.0000  sentences=2179
  [  en] tok/sent= 36.45  tok/byte=0.3245  unk=0.0000  sentences=2179
  [  eo] tok/sent= 40.42  tok/byte=0.3838  unk=0.0000  sentences=2179
  [  es] tok/sent= 41.44  tok/byte=0.3529  unk=0.0000  sentences=2179
  [  fa] tok/sent= 44.56  tok/byte=0.2748  unk=0.0000  sentences=2179
  [ fil] tok/sent= 48.66  tok/byte=0.3491  unk=0.0000  sentences=2179
  [  fr] tok/sent= 44.40  tok/byte=0.3685  unk=0.0000  sentences=2179
  [  gu] tok/sent= 50.98  tok/byte=0.1886  unk=0.0000  sentences=2179
  [  ha] tok/sent= 44.57  tok/byte=0.3915  unk=0.0000  sentences=2179
  [  hi] tok/sent= 51.95  tok/byte=0.1928  unk=0.0000  sentences=2179
  [  ht] tok/sent= 47.80  tok/byte=0.3988  unk=0.0000  sentences=2179
  [  hu] tok/sent= 46.91  tok/byte=0.3996  unk=0.0000  sentences=2179
  [  id] tok/sent= 56.41  tok/byte=0.3127  unk=0.0000  sentences=2179
  [  it] tok/sent= 43.67  tok/byte=0.3780  unk=0.0000  sentences=2179
  [  iw] tok/sent= 35.38  tok/byte=0.3008  unk=0.0000  sentences=2179
  [  ja] tok/sent= 60.10  tok/byte=0.3498  unk=0.0000  sentences=2179
  [  kn] tok/sent= 52.90  tok/byte=0.1656  unk=0.0000  sentences=2179
  [  lt] tok/sent= 45.09  tok/byte=0.3935  unk=0.0000  sentences=2179
  [  ml] tok/sent= 48.75  tok/byte=0.1503  unk=0.0000  sentences=2179
  [  mr] tok/sent= 52.63  tok/byte=0.1770  unk=0.0000  sentences=2179
  [  ms] tok/sent= 42.61  tok/byte=0.3266  unk=0.0000  sentences=2179
  [  my] tok/sent=122.88  tok/byte=0.2350  unk=0.0000  sentences=2179
  [  ne] tok/sent= 60.25  tok/byte=0.1928  unk=0.0000  sentences=2179
  [  nl] tok/sent= 40.93  tok/byte=0.3606  unk=0.0000  sentences=2179
  [  ny] tok/sent= 48.29  tok/byte=0.4051  unk=0.0000  sentences=2179
  [  pa] tok/sent= 50.65  tok/byte=0.1730  unk=0.0000  sentences=2179
  [  pl] tok/sent= 48.31  tok/byte=0.4151  unk=0.0000  sentences=2179
  [  pt] tok/sent= 44.52  tok/byte=0.3556  unk=0.0000  sentences=2179
  [  ro] tok/sent= 59.22  tok/byte=0.3111  unk=0.0000  sentences=2179
  [  ru] tok/sent= 42.51  tok/byte=0.2581  unk=0.0000  sentences=2179
  [  so] tok/sent= 49.02  tok/byte=0.4132  unk=0.0000  sentences=2179
  [  sr] tok/sent= 38.29  tok/byte=0.4112  unk=0.0000  sentences=2179
  [  sv] tok/sent= 91.60  tok/byte=0.3475  unk=0.0000  sentences=2179
  [  sw] tok/sent= 43.57  tok/byte=0.3946  unk=0.0000  sentences=2179
  [  ta] tok/sent= 54.80  tok/byte=0.1494  unk=0.0000  sentences=2179
  [  te] tok/sent= 50.94  tok/byte=0.1732  unk=0.0000  sentences=2179
  [  tg] tok/sent= 53.67  tok/byte=0.2473  unk=0.0000  sentences=2179
  [  th] tok/sent= 64.53  tok/byte=0.1909  unk=0.0000  sentences=2179
  [  tr] tok/sent= 44.73  tok/byte=0.3774  unk=0.0000  sentences=2179
  [  uk] tok/sent= 43.79  tok/byte=0.2739  unk=0.0000  sentences=2179
  [  ur] tok/sent= 52.91  tok/byte=0.1969  unk=0.0000  sentences=2179
  [  vi] tok/sent= 50.03  tok/byte=0.3429  unk=0.0000  sentences=2179
  [  yo] tok/sent= 54.82  tok/byte=0.3449  unk=0.0000  sentences=2179
  [  zh] tok/sent= 35.80  tok/byte=0.3766  unk=0.0000  sentences=2179

 lang   tok/sent   tok/byte  fertility*   unk_rate
--------------------------------------------------------
    iw      35.38     0.3008       2.634    0.00000
    zh      35.80     0.3766      29.944    0.00000
    en      36.45     0.3245       1.672    0.00000
    sr      38.29     0.4112       2.252    0.00000
    da      39.13     0.3540       1.894    0.00000
    eo      40.42     0.3838       2.057    0.00000
    nl      40.93     0.3606       1.957    0.00000
    es      41.44     0.3529       1.892    0.00000
    be      42.19     0.2553       2.569    0.00000
    de      42.23     0.3593       2.045    0.00000
    ru      42.51     0.2581       2.630    0.00000
    ms      42.61     0.3266       2.333    0.00000
    sw      43.57     0.3946       2.724    0.00000
    cs      43.58     0.4098       2.566    0.00000
    it      43.67     0.3780       2.153    0.00000
    uk      43.79     0.2739       2.655    0.00000
    fr      44.40     0.3685       2.128    0.00000
    pt      44.52     0.3556       2.047    0.00000
    fa      44.56     0.2748       2.382    0.00000
    ha      44.57     0.3915       2.042    0.00000
    tr      44.73     0.3774       3.118    0.00000
    lt      45.09     0.3935       2.673    0.00000
    az      45.11     0.3760       3.000    0.00000
    hu      46.91     0.3996       2.816    0.00000
    ht      47.80     0.3987       1.832    0.00000
    ny      48.29     0.4051       2.984    0.00000
    pl      48.31     0.4151       2.892    0.00000
   fil      48.66     0.3491       2.069    0.00000
    ml      48.75     0.1503       3.810    0.00000
    so      49.02     0.4132       2.673    0.00000
    vi      50.03     0.3429       2.026    0.00000
    pa      50.65     0.1730       2.082    0.00000
   ceb      50.72     0.3654       2.210    0.00000
    te      50.94     0.1732       3.414    0.00000
    gu      50.98     0.1886       2.581    0.00000
    bn      51.33     0.1802       2.657    0.00000
    hi      51.95     0.1928       2.299    0.00000
    mr      52.63     0.1770       2.901    0.00000
    kn      52.90     0.1656       3.817    0.00000
    ur      52.91     0.1969       2.277    0.00000
    tg      53.67     0.2473       2.593    0.00000
    ta      54.80     0.1494       4.249    0.00000
    yo      54.82     0.3449       2.147    0.00000
    id      56.41     0.3127       2.160    0.00000
    ro      59.22     0.3111       2.972    0.00000
    ja      60.10     0.3498      58.150    0.00000
    ne      60.25     0.1928       3.141    0.00000
    th      64.53     0.1909      18.987    0.00000
    sv      91.60     0.3475       2.087    0.00000
    ar      93.43     0.4244       6.992    0.00000
    my     122.88     0.2350      18.861    0.00000
--------------------------------------------------------
   ALL      50.77                  4.883           

  Primary metrics (parallel-sentence, robust to script/whitespace):
    Tokens/sentence mean: 50.77   std: 14.85
    Tokens/sentence max:  122.88   min: 35.38   ratio: 3.47x
    Gini (tokens/sentence): 0.1248   (0 = perfect equality; headline fairness metric)
    Gini (tokens/byte):     0.1548

  Legacy fertility (*unreliable for CJK/Thai — whitespace-split):
    mean: 4.883   std: 9.003   ratio: 34.78x

Report saved to results/parity_bible/parity_bpe.json
