Tokenizer:  models/tokenizers/paat_a067/paat
FLORES dir: data/raw/ntrex
Languages:  78
Split:      devtest

Vocab size: 32,000

  [  af] tok/sent= 45.39  tok/byte=0.3333  unk=0.0000  sentences=1997
  [  am] tok/sent= 76.93  tok/byte=0.3605  unk=0.0218  sentences=1997
  [  ar] tok/sent= 73.85  tok/byte=0.3512  unk=0.0001  sentences=1997
  [  az] tok/sent= 48.85  tok/byte=0.3113  unk=0.0000  sentences=1997
  [  be] tok/sent= 67.72  tok/byte=0.2905  unk=0.0001  sentences=1997
  [  bg] tok/sent= 69.42  tok/byte=0.2835  unk=0.0000  sentences=1997
  [  bn] tok/sent= 82.05  tok/byte=0.2512  unk=0.0001  sentences=1997
  [  ca] tok/sent= 46.28  tok/byte=0.3192  unk=0.0000  sentences=1997
  [  cs] tok/sent= 47.27  tok/byte=0.3496  unk=0.0000  sentences=1997
  [  cy] tok/sent= 55.91  tok/byte=0.4071  unk=0.0001  sentences=1997
  [  da] tok/sent= 42.73  tok/byte=0.3312  unk=0.0000  sentences=1997
  [  de] tok/sent= 47.66  tok/byte=0.3147  unk=0.0000  sentences=1997
  [  el] tok/sent= 96.19  tok/byte=0.3551  unk=0.0000  sentences=1997
  [  en] tok/sent= 38.46  tok/byte=0.3101  unk=0.0000  sentences=1997
  [  es] tok/sent= 45.89  tok/byte=0.3103  unk=0.0000  sentences=1997
  [  et] tok/sent= 44.34  tok/byte=0.3462  unk=0.0000  sentences=1997
  [  eu] tok/sent= 46.03  tok/byte=0.3324  unk=0.0000  sentences=1997
  [  fa] tok/sent= 65.02  tok/byte=0.3008  unk=0.0141  sentences=1997
  [  fi] tok/sent= 47.56  tok/byte=0.3365  unk=0.0000  sentences=1997
  [ fil] tok/sent= 48.14  tok/byte=0.3272  unk=0.0000  sentences=1997
  [  fr] tok/sent= 49.11  tok/byte=0.3156  unk=0.0000  sentences=1997
  [  ga] tok/sent= 58.04  tok/byte=0.3691  unk=0.0000  sentences=1997
  [  gl] tok/sent= 43.70  tok/byte=0.3138  unk=0.0000  sentences=1997
  [  gu] tok/sent= 90.18  tok/byte=0.2796  unk=0.0004  sentences=1997
  [  ha] tok/sent= 48.75  tok/byte=0.3549  unk=0.0004  sentences=1997
  [  hi] tok/sent=106.04  tok/byte=0.3157  unk=0.0000  sentences=1997
  [  hu] tok/sent= 54.02  tok/byte=0.3521  unk=0.0000  sentences=1997
  [  hy] tok/sent= 95.80  tok/byte=0.3950  unk=0.0005  sentences=1997
  [  id] tok/sent= 40.29  tok/byte=0.2796  unk=0.0000  sentences=1997
  [  ig] tok/sent= 56.27  tok/byte=0.3813  unk=0.0003  sentences=1997
  [  is] tok/sent= 47.37  tok/byte=0.3246  unk=0.0000  sentences=1997
  [  it] tok/sent= 45.96  tok/byte=0.3125  unk=0.0000  sentences=1997
  [  iw] tok/sent= 82.30  tok/byte=0.4567  unk=0.0001  sentences=1997
  [  ja] tok/sent= 57.41  tok/byte=0.3537  unk=0.0178  sentences=1997
  [  ka] tok/sent=103.85  tok/byte=0.2905  unk=0.0000  sentences=1997
  [  kk] tok/sent= 69.90  tok/byte=0.2908  unk=0.0000  sentences=1997
  [  km] tok/sent=108.42  tok/byte=0.2702  unk=0.0006  sentences=1997
  [  kn] tok/sent= 96.00  tok/byte=0.2654  unk=0.0065  sentences=1997
  [  ko] tok/sent= 57.83  tok/byte=0.3645  unk=0.0198  sentences=1997
  [  ku] tok/sent= 50.55  tok/byte=0.3723  unk=0.0000  sentences=1997
  [  ky] tok/sent= 66.64  tok/byte=0.2888  unk=0.0000  sentences=1997
  [  lb] tok/sent= 52.19  tok/byte=0.3572  unk=0.0000  sentences=1997
  [  lo] tok/sent=121.90  tok/byte=0.3375  unk=0.0822  sentences=1997
  [  lt] tok/sent= 49.14  tok/byte=0.3495  unk=0.0005  sentences=1997
  [  mi] tok/sent= 59.35  tok/byte=0.4097  unk=0.0001  sentences=1997
  [  mk] tok/sent= 62.16  tok/byte=0.2546  unk=0.0005  sentences=1997
  [  ml] tok/sent=129.36  tok/byte=0.3073  unk=0.0027  sentences=1997
  [  mn] tok/sent= 76.47  tok/byte=0.3212  unk=0.0000  sentences=1997
  [  mr] tok/sent=108.01  tok/byte=0.3091  unk=0.0014  sentences=1997
  [  mt] tok/sent= 60.84  tok/byte=0.4124  unk=0.0000  sentences=1997
  [  my] tok/sent=119.79  tok/byte=0.2756  unk=0.0014  sentences=1997
  [  nl] tok/sent= 46.28  tok/byte=0.3153  unk=0.0002  sentences=1997
  [  no] tok/sent= 41.65  tok/byte=0.3224  unk=0.0000  sentences=1997
  [  ny] tok/sent= 52.72  tok/byte=0.3692  unk=0.0000  sentences=1997
  [  pl] tok/sent= 54.37  tok/byte=0.3638  unk=0.0000  sentences=1997
  [  ps] tok/sent= 72.34  tok/byte=0.3364  unk=0.0094  sentences=1997
  [  pt] tok/sent= 42.62  tok/byte=0.3121  unk=0.0000  sentences=1997
  [  ro] tok/sent= 53.14  tok/byte=0.3423  unk=0.0000  sentences=1997
  [  ru] tok/sent= 73.10  tok/byte=0.2911  unk=0.0001  sentences=1997
  [  si] tok/sent=109.22  tok/byte=0.3180  unk=0.0006  sentences=1997
  [  sk] tok/sent= 47.75  tok/byte=0.3467  unk=0.0000  sentences=1997
  [  sl] tok/sent= 47.33  tok/byte=0.3636  unk=0.0000  sentences=1997
  [  sm] tok/sent= 57.63  tok/byte=0.4088  unk=0.0000  sentences=1997
  [  so] tok/sent= 51.50  tok/byte=0.3515  unk=0.0000  sentences=1997
  [  sq] tok/sent= 48.93  tok/byte=0.3192  unk=0.0000  sentences=1997
  [  sr] tok/sent= 69.89  tok/byte=0.3174  unk=0.0000  sentences=1997
  [  sv] tok/sent= 42.24  tok/byte=0.3207  unk=0.0001  sentences=1997
  [  ta] tok/sent=133.70  tok/byte=0.3149  unk=0.0001  sentences=1997
  [  te] tok/sent=102.41  tok/byte=0.3068  unk=0.0067  sentences=1997
  [  th] tok/sent=102.88  tok/byte=0.3139  unk=0.0000  sentences=1997
  [  tr] tok/sent= 44.19  tok/byte=0.3047  unk=0.0000  sentences=1997
  [  uk] tok/sent= 70.04  tok/byte=0.2928  unk=0.0000  sentences=1997
  [  ur] tok/sent= 63.12  tok/byte=0.2857  unk=0.0000  sentences=1997
  [  vi] tok/sent= 55.60  tok/byte=0.3120  unk=0.0001  sentences=1997
  [  xh] tok/sent= 54.31  tok/byte=0.4029  unk=0.0000  sentences=1997
  [  yo] tok/sent= 81.56  tok/byte=0.4028  unk=0.0017  sentences=1997
  [  zh] tok/sent= 42.74  tok/byte=0.3592  unk=0.0174  sentences=1997
  [  zu] tok/sent= 51.62  tok/byte=0.3990  unk=0.0000  sentences=1997

 lang   tok/sent   tok/byte  fertility*   unk_rate
--------------------------------------------------------
    en      38.46     0.3101       1.827    0.00000
    id      40.29     0.2796       2.004    0.00000
    no      41.65     0.3224       2.022    0.00000
    sv      42.24     0.3207       2.099    0.00006
    pt      42.62     0.3121       1.931    0.00000
    da      42.73     0.3312       2.091    0.00000
    zh      42.74     0.3592      25.082    0.01743
    gl      43.70     0.3138       1.941    0.00000
    tr      44.19     0.3047       2.571    0.00000
    et      44.34     0.3462       2.711    0.00000
    af      45.39     0.3333       2.022    0.00000
    es      45.89     0.3103       1.885    0.00000
    it      45.96     0.3125       1.997    0.00000
    eu      46.03     0.3324       2.592    0.00000
    ca      46.28     0.3192       1.925    0.00000
    nl      46.28     0.3153       1.974    0.00016
    cs      47.27     0.3496       2.518    0.00000
    sl      47.33     0.3636       2.377    0.00000
    is      47.37     0.3246       2.257    0.00000
    fi      47.56     0.3365       3.091    0.00000
    de      47.66     0.3147       2.228    0.00000
    sk      47.75     0.3467       2.508    0.00000
   fil      48.14     0.3272       2.023    0.00000
    ha      48.75     0.3549       1.944    0.00037
    az      48.85     0.3113       2.713    0.00000
    sq      48.93     0.3192       2.016    0.00000
    fr      49.11     0.3156       2.010    0.00000
    lt      49.14     0.3495       2.809    0.00051
    ku      50.55     0.3723       2.366    0.00000
    so      51.50     0.3515       2.321    0.00000
    zu      51.62     0.3990       3.529    0.00000
    lb      52.19     0.3572       2.392    0.00000
    ny      52.72     0.3692       2.726    0.00002
    ro      53.14     0.3423       2.213    0.00000
    hu      54.02     0.3521       2.834    0.00000
    xh      54.31     0.4029       3.549    0.00000
    pl      54.37     0.3638       2.778    0.00003
    vi      55.60     0.3120       1.867    0.00014
    cy      55.91     0.4071       2.379    0.00006
    ig      56.27     0.3813       2.458    0.00034
    ja      57.41     0.3537      40.887    0.01782
    sm      57.63     0.4088       1.964    0.00003
    ko      57.83     0.3645       3.761    0.01982
    ga      58.04     0.3691       2.281    0.00001
    mi      59.35     0.4097       2.071    0.00005
    mt      60.84     0.4124       3.172    0.00000
    mk      62.16     0.2546       2.894    0.00054
    ur      63.12     0.2857       2.342    0.00001
    fa      65.02     0.3008       2.708    0.01410
    ky      66.64     0.2888       3.975    0.00001
    be      67.72     0.2905       3.610    0.00007
    bg      69.42     0.2835       3.241    0.00000
    sr      69.89     0.3174       3.417    0.00000
    kk      69.90     0.2908       4.108    0.00000
    uk      70.04     0.2928       3.678    0.00000
    ps      72.34     0.3364       2.675    0.00943
    ru      73.10     0.2911       3.738    0.00007
    ar      73.85     0.3512       3.813    0.00005
    mn      76.47     0.3212       4.147    0.00000
    am      76.93     0.3605       4.748    0.02184
    yo      81.56     0.4028       3.158    0.00173
    bn      82.05     0.2512       4.380    0.00012
    iw      82.30     0.4567       4.707    0.00010
    gu      90.18     0.2796       4.427    0.00037
    hy      95.80     0.3950       5.266    0.00054
    kn      96.00     0.2654       6.006    0.00653
    el      96.19     0.3551       4.157    0.00004
    te     102.41     0.3068       6.431    0.00674
    th     102.88     0.3139      19.090    0.00000
    ka     103.85     0.2905       6.269    0.00001
    hi     106.04     0.3157       4.076    0.00001
    mr     108.01     0.3091       5.780    0.00140
    km     108.42     0.2702      15.790    0.00065
    si     109.22     0.3180       5.377    0.00060
    my     119.79     0.2756      10.237    0.00135
    lo     121.90     0.3375      18.377    0.08222
    ml     129.36     0.3073       8.422    0.00267
    ta     133.70     0.3149       8.056    0.00008
--------------------------------------------------------
   ALL      65.59                  4.613           

  Primary metrics (parallel-sentence, robust to script/whitespace):
    Tokens/sentence mean: 65.59   std: 23.86
    Tokens/sentence max:  133.70   min: 38.46   ratio: 3.48x
    Gini (tokens/sentence): 0.1922   (0 = perfect equality; headline fairness metric)
    Gini (tokens/byte):     0.0677

  Legacy fertility (*unreliable for CJK/Thai — whitespace-split):
    mean: 4.613   std: 5.753   ratio: 22.37x

Report saved to results/parity_ntrex/paat_a067.json
